<?xml version="1.0" encoding="UTF-8"?>
<testsuite name="de.unibremen.swp.stundenplan.logic.TeacherManagerDataIntTest" time="31.291" tests="1" errors="0" skipped="0" failures="1">
  <properties>
[...]
</properties>
  <testcase name="testAddTeacherWithValidInput" classname="de.unibremen.swp.stundenplan.logic.TeacherManagerDataIntTest" time="31.291">
    <failure message="expected:&lt;23.25&gt; but was:&lt;23&gt;" type="java.lang.AssertionError"><![CDATA[java.lang.AssertionError: expected:<23.25> but was:<23>
	at org.junit.Assert.fail(Assert.java:88)
	at org.junit.Assert.failNotEquals(Assert.java:743)
	at org.junit.Assert.assertEquals(Assert.java:118)
	at org.junit.Assert.assertEquals(Assert.java:144)
	at de.unibremen.swp.stundenplan.logic.TeacherManagerDataIntTest.testAddTeacherWithValidInput(TeacherManagerDataIntTest.java:82)
]]></failure>
    <system-out><![CDATA[DEBUG  - Creating new persistence manager
[EL Warning]: 2014-08-04 11:02:14.287--ServerSession(1276666395)--Exception [EclipseLink-4002] (Eclipse Persistence Services - 2.0.0.v20091127-r5931): org.eclipse.persistence.exceptions.DatabaseException
Internal Exception: java.sql.SQLException: Table/View 'SEQUENCE' already exists in Schema 'STUNDENPLAN'.
Error Code: 30000
Call: CREATE TABLE SEQUENCE (SEQ_NAME VARCHAR(50) NOT NULL, SEQ_COUNT DECIMAL(15), PRIMARY KEY (SEQ_NAME))
Query: DataModifyQuery(sql="CREATE TABLE SEQUENCE (SEQ_NAME VARCHAR(50) NOT NULL, SEQ_COUNT DECIMAL(15), PRIMARY KEY (SEQ_NAME))")
DEBUG  - adding teacher
DEBUG  - Teacher Teacher [acronym=Tes, name=Test Tester, hpw=23,00] persisted.
DEBUG  - teacher added Teacher [acronym=Tes, name=Test Tester, hpw=23,00]
]]></system-out>
  </testcase>
</testsuite>